<?xml version="1.0" encoding="UTF-8"?>
<testsuite xmlns:xsi="http://www.w3.org/2001/XMLSchema-instance" xsi:noNamespaceSchemaLocation="https://maven.apache.org/surefire/maven-surefire-plugin/xsd/surefire-test-report.xsd" name="com.revature.test.ServiceTests" time="0.465" tests="2" errors="0" skipped="0" failures="0">
  <properties>
[...]
</properties>
  <testcase name="happyPathScenario" classname="com.revature.test.ServiceTests" time="0.429"/>
  <testcase name="employeeIsNotPresentInDB" classname="com.revature.test.ServiceTests" time="0"/>
</testsuite>